  [1m[35m (578.9ms)[0m  [1m[35mCREATE DATABASE "goal_app_development" ENCODING = 'unicode'[0m
  ↳ bin/rails:9
  [1m[35m (232.7ms)[0m  [1m[35mCREATE DATABASE "goal_app_test" ENCODING = 'unicode'[0m
  ↳ bin/rails:9
  [1m[35m (99.7ms)[0m  [1m[35mCREATE TABLE "schema_migrations" ("version" character varying NOT NULL PRIMARY KEY)[0m
  ↳ bin/rails:9
  [1m[35m (23.1ms)[0m  [1m[35mCREATE TABLE "ar_internal_metadata" ("key" character varying NOT NULL PRIMARY KEY, "value" character varying, "created_at" timestamp NOT NULL, "updated_at" timestamp NOT NULL)[0m
  ↳ bin/rails:9
  [1m[35m (5.2ms)[0m  [1m[34mSELECT pg_try_advisory_lock(540613454722062960)[0m
  ↳ bin/rails:9
  [1m[35m (4.4ms)[0m  [1m[34mSELECT "schema_migrations"."version" FROM "schema_migrations" ORDER BY "schema_migrations"."version" ASC[0m
  ↳ bin/rails:9
Migrating to CreateUsers (20200624175546)
  [1m[35m (13.0ms)[0m  [1m[35mBEGIN[0m
  ↳ bin/rails:9
  [1m[35m (82.0ms)[0m  [1m[35mCREATE TABLE "users" ("id" bigserial primary key, "created_at" timestamp NOT NULL, "updated_at" timestamp NOT NULL)[0m
  ↳ db/migrate/20200624175546_create_users.rb:3
  [1m[36mActiveRecord::SchemaMigration Create (41.2ms)[0m  [1m[32mINSERT INTO "schema_migrations" ("version") VALUES ($1) RETURNING "version"[0m  [["version", "20200624175546"]]
  ↳ bin/rails:9
  [1m[35m (2.6ms)[0m  [1m[35mCOMMIT[0m
  ↳ bin/rails:9
  [1m[36mActiveRecord::InternalMetadata Load (0.8ms)[0m  [1m[34mSELECT  "ar_internal_metadata".* FROM "ar_internal_metadata" WHERE "ar_internal_metadata"."key" = $1 LIMIT $2[0m  [["key", "environment"], ["LIMIT", 1]]
  ↳ bin/rails:9
  [1m[35m (0.2ms)[0m  [1m[35mBEGIN[0m
  ↳ bin/rails:9
  [1m[36mActiveRecord::InternalMetadata Create (6.1ms)[0m  [1m[32mINSERT INTO "ar_internal_metadata" ("key", "value", "created_at", "updated_at") VALUES ($1, $2, $3, $4) RETURNING "key"[0m  [["key", "environment"], ["value", "development"], ["created_at", "2020-06-24 18:10:50.378338"], ["updated_at", "2020-06-24 18:10:50.378338"]]
  ↳ bin/rails:9
  [1m[35m (2.7ms)[0m  [1m[35mCOMMIT[0m
  ↳ bin/rails:9
  [1m[35m (0.4ms)[0m  [1m[34mSELECT pg_advisory_unlock(540613454722062960)[0m
  ↳ bin/rails:9
  [1m[35m (4.1ms)[0m  [1m[34mSELECT "schema_migrations"."version" FROM "schema_migrations" ORDER BY "schema_migrations"."version" ASC[0m
  ↳ bin/rails:9
  [1m[35m (6.1ms)[0m  [1m[34mSELECT pg_try_advisory_lock(540613454722062960)[0m
  ↳ bin/rails:9
  [1m[35m (7.9ms)[0m  [1m[34mSELECT "schema_migrations"."version" FROM "schema_migrations" ORDER BY "schema_migrations"."version" ASC[0m
  ↳ bin/rails:9
Migrating to AddColumsToUser (20200624190704)
  [1m[35m (0.4ms)[0m  [1m[35mBEGIN[0m
  ↳ bin/rails:9
  [1m[35m (105.2ms)[0m  [1m[35mALTER TABLE "users" ADD "email" character varying NOT NULL[0m
  ↳ db/migrate/20200624190704_add_colums_to_user.rb:3
  [1m[35m (0.7ms)[0m  [1m[35mALTER TABLE "users" ADD "password_digest" character varying NOT NULL[0m
  ↳ db/migrate/20200624190704_add_colums_to_user.rb:4
  [1m[36mActiveRecord::SchemaMigration Create (8.8ms)[0m  [1m[32mINSERT INTO "schema_migrations" ("version") VALUES ($1) RETURNING "version"[0m  [["version", "20200624190704"]]
  ↳ bin/rails:9
  [1m[35m (18.5ms)[0m  [1m[35mCOMMIT[0m
  ↳ bin/rails:9
  [1m[36mActiveRecord::InternalMetadata Load (30.3ms)[0m  [1m[34mSELECT  "ar_internal_metadata".* FROM "ar_internal_metadata" WHERE "ar_internal_metadata"."key" = $1 LIMIT $2[0m  [["key", "environment"], ["LIMIT", 1]]
  ↳ bin/rails:9
  [1m[35m (0.2ms)[0m  [1m[35mBEGIN[0m
  ↳ bin/rails:9
  [1m[35m (1.4ms)[0m  [1m[35mCOMMIT[0m
  ↳ bin/rails:9
  [1m[35m (1.0ms)[0m  [1m[34mSELECT pg_advisory_unlock(540613454722062960)[0m
  ↳ bin/rails:9
  [1m[35m (0.4ms)[0m  [1m[34mSELECT "schema_migrations"."version" FROM "schema_migrations" ORDER BY "schema_migrations"."version" ASC[0m
  ↳ bin/rails:9
  [1m[35m (0.5ms)[0m  [1m[34mSELECT pg_try_advisory_lock(540613454722062960)[0m
  ↳ bin/rails:9
  [1m[35m (4.7ms)[0m  [1m[34mSELECT "schema_migrations"."version" FROM "schema_migrations" ORDER BY "schema_migrations"."version" ASC[0m
  ↳ bin/rails:9
Migrating to CreateGoal (20200624193735)
  [1m[35m (0.2ms)[0m  [1m[35mBEGIN[0m
  ↳ bin/rails:9
  [1m[35m (123.5ms)[0m  [1m[35mCREATE TABLE "goals" ("id" bigserial primary key, "user_id" integer NOT NULL, "created_at" timestamp NOT NULL, "updated_at" timestamp NOT NULL)[0m
  ↳ db/migrate/20200624193735_create_goal.rb:3
  [1m[35m (9.1ms)[0m  [1m[35mCREATE  INDEX  "index_goals_on_user_id" ON "goals"  ("user_id")[0m
  ↳ db/migrate/20200624193735_create_goal.rb:8
  [1m[36mActiveRecord::SchemaMigration Create (4.2ms)[0m  [1m[32mINSERT INTO "schema_migrations" ("version") VALUES ($1) RETURNING "version"[0m  [["version", "20200624193735"]]
  ↳ bin/rails:9
  [1m[35m (9.4ms)[0m  [1m[35mCOMMIT[0m
  ↳ bin/rails:9
  [1m[36mActiveRecord::InternalMetadata Load (0.7ms)[0m  [1m[34mSELECT  "ar_internal_metadata".* FROM "ar_internal_metadata" WHERE "ar_internal_metadata"."key" = $1 LIMIT $2[0m  [["key", "environment"], ["LIMIT", 1]]
  ↳ bin/rails:9
  [1m[35m (1.1ms)[0m  [1m[35mBEGIN[0m
  ↳ bin/rails:9
  [1m[35m (0.2ms)[0m  [1m[35mCOMMIT[0m
  ↳ bin/rails:9
  [1m[35m (0.8ms)[0m  [1m[34mSELECT pg_advisory_unlock(540613454722062960)[0m
  ↳ bin/rails:9
  [1m[35m (0.7ms)[0m  [1m[34mSELECT "schema_migrations"."version" FROM "schema_migrations" ORDER BY "schema_migrations"."version" ASC[0m
  ↳ bin/rails:9
